This is pdfTeX, Version 3.14159265-2.6-1.40.21 (TeX Live 2020) (preloaded format=pdflatex 2021.1.20)  8 MAY 2022 20:30
entering extended mode
 restricted \write18 enabled.
 file:line:error style messages enabled.
 %&-line parsing enabled.
**"/Users/trent/Documents/Study/Courses/2022.1/STAT 545 Spatial Statistics/Final Project/Report/report.tex"
(/Users/trent/Documents/Study/Courses/2022.1/STAT 545 Spatial Statistics/Final Project/Report/report.tex
LaTeX2e <2020-02-02> patch level 5
L3 programming layer <2020-03-06> (/usr/local/texlive/2020/texmf-dist/tex/latex/base/article.cls
Document Class: article 2019/12/20 v1.4l Standard LaTeX document class
(/usr/local/texlive/2020/texmf-dist/tex/latex/base/size10.clo
File: size10.clo 2019/12/20 v1.4l Standard LaTeX file (size option)
)
\c@part=\count167
\c@section=\count168
\c@subsection=\count169
\c@subsubsection=\count170
\c@paragraph=\count171
\c@subparagraph=\count172
\c@figure=\count173
\c@table=\count174
\abovecaptionskip=\skip47
\belowcaptionskip=\skip48
\bibindent=\dimen134
) (/usr/local/texlive/2020/texmf-dist/tex/latex/hyperref/hyperref.sty
Package: hyperref 2020/01/14 v7.00d Hypertext links for LaTeX
 (/usr/local/texlive/2020/texmf-dist/tex/generic/ltxcmds/ltxcmds.sty
Package: ltxcmds 2019/12/15 v1.24 LaTeX kernel commands for general use (HO)
) (/usr/local/texlive/2020/texmf-dist/tex/generic/iftex/iftex.sty
Package: iftex 2020/03/06 v1.0d TeX engine tests
) (/usr/local/texlive/2020/texmf-dist/tex/latex/pdftexcmds/pdftexcmds.sty
Package: pdftexcmds 2019/11/24 v0.31 Utility functions of pdfTeX for LuaTeX (HO)
 (/usr/local/texlive/2020/texmf-dist/tex/generic/infwarerr/infwarerr.sty
Package: infwarerr 2019/12/03 v1.5 Providing info/warning/error messages (HO)
)
Package pdftexcmds Info: \pdf@primitive is available.
Package pdftexcmds Info: \pdf@ifprimitive is available.
Package pdftexcmds Info: \pdfdraftmode found.
) (/usr/local/texlive/2020/texmf-dist/tex/latex/graphics/keyval.sty
Package: keyval 2014/10/28 v1.15 key=value parser (DPC)
\KV@toks@=\toks15
) (/usr/local/texlive/2020/texmf-dist/tex/generic/kvsetkeys/kvsetkeys.sty
Package: kvsetkeys 2019/12/15 v1.18 Key value parser (HO)
) (/usr/local/texlive/2020/texmf-dist/tex/generic/kvdefinekeys/kvdefinekeys.sty
Package: kvdefinekeys 2019-12-19 v1.6 Define keys (HO)
) (/usr/local/texlive/2020/texmf-dist/tex/generic/pdfescape/pdfescape.sty
Package: pdfescape 2019/12/09 v1.15 Implements pdfTeX's escape features (HO)
) (/usr/local/texlive/2020/texmf-dist/tex/latex/hycolor/hycolor.sty
Package: hycolor 2020-01-27 v1.10 Color options for hyperref/bookmark (HO)
) (/usr/local/texlive/2020/texmf-dist/tex/latex/letltxmacro/letltxmacro.sty
Package: letltxmacro 2019/12/03 v1.6 Let assignment for LaTeX macros (HO)
) (/usr/local/texlive/2020/texmf-dist/tex/latex/auxhook/auxhook.sty
Package: auxhook 2019-12-17 v1.6 Hooks for auxiliary files (HO)
) (/usr/local/texlive/2020/texmf-dist/tex/latex/kvoptions/kvoptions.sty
Package: kvoptions 2019/11/29 v3.13 Key value format for package options (HO)
)
\@linkdim=\dimen135
\Hy@linkcounter=\count175
\Hy@pagecounter=\count176
 (/usr/local/texlive/2020/texmf-dist/tex/latex/hyperref/pd1enc.def
File: pd1enc.def 2020/01/14 v7.00d Hyperref: PDFDocEncoding definition (HO)
Now handling font encoding PD1 ...
... no UTF-8 mapping file for font encoding PD1
) (/usr/local/texlive/2020/texmf-dist/tex/generic/intcalc/intcalc.sty
Package: intcalc 2019/12/15 v1.3 Expandable calculations with integers (HO)
) (/usr/local/texlive/2020/texmf-dist/tex/generic/etexcmds/etexcmds.sty
Package: etexcmds 2019/12/15 v1.7 Avoid name clashes with e-TeX commands (HO)
)
\Hy@SavedSpaceFactor=\count177
Package hyperref Info: Hyper figures OFF on input line 4547.
Package hyperref Info: Link nesting OFF on input line 4552.
Package hyperref Info: Hyper index ON on input line 4555.
Package hyperref Info: Plain pages OFF on input line 4562.
Package hyperref Info: Backreferencing OFF on input line 4567.
Package hyperref Info: Implicit mode ON; LaTeX internals redefined.
Package hyperref Info: Bookmarks ON on input line 4800.
\c@Hy@tempcnt=\count178
 (/usr/local/texlive/2020/texmf-dist/tex/latex/url/url.sty
\Urlmuskip=\muskip16
Package: url 2013/09/16  ver 3.4  Verb mode for urls, etc.
)
LaTeX Info: Redefining \url on input line 5159.
\XeTeXLinkMargin=\dimen136
 (/usr/local/texlive/2020/texmf-dist/tex/generic/bitset/bitset.sty
Package: bitset 2019/12/09 v1.3 Handle bit-vector datatype (HO)
 (/usr/local/texlive/2020/texmf-dist/tex/generic/bigintcalc/bigintcalc.sty
Package: bigintcalc 2019/12/15 v1.5 Expandable calculations on big integers (HO)
))
\Fld@menulength=\count179
\Field@Width=\dimen137
\Fld@charsize=\dimen138
Package hyperref Info: Hyper figures OFF on input line 6430.
Package hyperref Info: Link nesting OFF on input line 6435.
Package hyperref Info: Hyper index ON on input line 6438.
Package hyperref Info: backreferencing OFF on input line 6445.
Package hyperref Info: Link coloring OFF on input line 6450.
Package hyperref Info: Link coloring with OCG OFF on input line 6455.
Package hyperref Info: PDF/A mode OFF on input line 6460.
LaTeX Info: Redefining \ref on input line 6500.
LaTeX Info: Redefining \pageref on input line 6504.
 (/usr/local/texlive/2020/texmf-dist/tex/generic/atbegshi/atbegshi.sty
Package: atbegshi 2019/12/05 v1.19 At begin shipout hook (HO)
)
\Hy@abspage=\count180
\c@Item=\count181
\c@Hfootnote=\count182
)
Package hyperref Info: Driver (autodetected): hpdftex.
 (/usr/local/texlive/2020/texmf-dist/tex/latex/hyperref/hpdftex.def
File: hpdftex.def 2020/01/14 v7.00d Hyperref driver for pdfTeX
 (/usr/local/texlive/2020/texmf-dist/tex/latex/atveryend/atveryend.sty
Package: atveryend 2019-12-11 v1.11 Hooks at the very end of document (HO)
Package atveryend Info: \enddocument detected (standard20110627).
)
\Fld@listcount=\count183
\c@bookmark@seq@number=\count184
 (/usr/local/texlive/2020/texmf-dist/tex/latex/rerunfilecheck/rerunfilecheck.sty
Package: rerunfilecheck 2019/12/05 v1.9 Rerun checks for auxiliary files (HO)
 (/usr/local/texlive/2020/texmf-dist/tex/generic/uniquecounter/uniquecounter.sty
Package: uniquecounter 2019/12/15 v1.4 Provide unlimited unique counter (HO)
)
Package uniquecounter Info: New unique counter `rerunfilecheck' on input line 286.
)
\Hy@SectionHShift=\skip49
) (/usr/local/texlive/2020/texmf-dist/tex/latex/amsmath/amsmath.sty
Package: amsmath 2020/01/20 v2.17e AMS math features
\@mathmargin=\skip50

For additional information on amsmath, use the `?' option.
(/usr/local/texlive/2020/texmf-dist/tex/latex/amsmath/amstext.sty
Package: amstext 2000/06/29 v2.01 AMS text
 (/usr/local/texlive/2020/texmf-dist/tex/latex/amsmath/amsgen.sty
File: amsgen.sty 1999/11/30 v2.0 generic functions
\@emptytoks=\toks16
\ex@=\dimen139
)) (/usr/local/texlive/2020/texmf-dist/tex/latex/amsmath/amsbsy.sty
Package: amsbsy 1999/11/29 v1.2d Bold Symbols
\pmbraise@=\dimen140
) (/usr/local/texlive/2020/texmf-dist/tex/latex/amsmath/amsopn.sty
Package: amsopn 2016/03/08 v2.02 operator names
)
\inf@bad=\count185
LaTeX Info: Redefining \frac on input line 227.
\uproot@=\count186
\leftroot@=\count187
LaTeX Info: Redefining \overline on input line 389.
\classnum@=\count188
\DOTSCASE@=\count189
LaTeX Info: Redefining \ldots on input line 486.
LaTeX Info: Redefining \dots on input line 489.
LaTeX Info: Redefining \cdots on input line 610.
\Mathstrutbox@=\box45
\strutbox@=\box46
\big@size=\dimen141
LaTeX Font Info:    Redeclaring font encoding OML on input line 733.
LaTeX Font Info:    Redeclaring font encoding OMS on input line 734.
\macc@depth=\count190
\c@MaxMatrixCols=\count191
\dotsspace@=\muskip17
\c@parentequation=\count192
\dspbrk@lvl=\count193
\tag@help=\toks17
\row@=\count194
\column@=\count195
\maxfields@=\count196
\andhelp@=\toks18
\eqnshift@=\dimen142
\alignsep@=\dimen143
\tagshift@=\dimen144
\tagwidth@=\dimen145
\totwidth@=\dimen146
\lineht@=\dimen147
\@envbody=\toks19
\multlinegap=\skip51
\multlinetaggap=\skip52
\mathdisplay@stack=\toks20
LaTeX Info: Redefining \[ on input line 2859.
LaTeX Info: Redefining \] on input line 2860.
) (/usr/local/texlive/2020/texmf-dist/tex/latex/cleveref/cleveref.sty
Package: cleveref 2018/03/27 v0.21.4 Intelligent cross-referencing
Package cleveref Info: `hyperref' support loaded on input line 2370.
LaTeX Info: Redefining \cref on input line 2370.
LaTeX Info: Redefining \Cref on input line 2370.
LaTeX Info: Redefining \crefrange on input line 2370.
LaTeX Info: Redefining \Crefrange on input line 2370.
LaTeX Info: Redefining \cpageref on input line 2370.
LaTeX Info: Redefining \Cpageref on input line 2370.
LaTeX Info: Redefining \cpagerefrange on input line 2370.
LaTeX Info: Redefining \Cpagerefrange on input line 2370.
LaTeX Info: Redefining \labelcref on input line 2370.
LaTeX Info: Redefining \labelcpageref on input line 2370.
) (/usr/local/texlive/2020/texmf-dist/tex/latex/graphics/graphicx.sty
Package: graphicx 2019/11/30 v1.2a Enhanced LaTeX Graphics (DPC,SPQR)
 (/usr/local/texlive/2020/texmf-dist/tex/latex/graphics/graphics.sty
Package: graphics 2019/11/30 v1.4a Standard LaTeX Graphics (DPC,SPQR)
 (/usr/local/texlive/2020/texmf-dist/tex/latex/graphics/trig.sty
Package: trig 2016/01/03 v1.10 sin cos tan (DPC)
) (/usr/local/texlive/2020/texmf-dist/tex/latex/graphics-cfg/graphics.cfg
File: graphics.cfg 2016/06/04 v1.11 sample graphics configuration
)
Package graphics Info: Driver file: pdftex.def on input line 105.
 (/usr/local/texlive/2020/texmf-dist/tex/latex/graphics-def/pdftex.def
File: pdftex.def 2018/01/08 v1.0l Graphics/color driver for pdftex
))
\Gin@req@height=\dimen148
\Gin@req@width=\dimen149
) (/usr/local/texlive/2020/texmf-dist/tex/latex/caption/subcaption.sty
Package: subcaption 2020/01/22 v1.3d Sub-captions (AR)
 (/usr/local/texlive/2020/texmf-dist/tex/latex/caption/caption.sty
Package: caption 2020/01/03 v3.4h Customizing captions (AR)
 (/usr/local/texlive/2020/texmf-dist/tex/latex/caption/caption3.sty
Package: caption3 2020/01/03 v1.8h caption3 kernel (AR)
Package caption3 Info: TeX engine: e-TeX on input line 61.
\captionmargin=\dimen150
\captionmargin@=\dimen151
\captionwidth=\dimen152
\caption@tempdima=\dimen153
\caption@indent=\dimen154
\caption@parindent=\dimen155
\caption@hangindent=\dimen156
Package caption Info: Standard document class detected.
)
\c@caption@flags=\count197
\c@continuedfloat=\count198
Package caption Info: hyperref package is loaded.
)
\c@subfigure=\count199
\c@subtable=\count266
) (/usr/local/texlive/2020/texmf-dist/tex/latex/l3backend/l3backend-pdfmode.def
File: l3backend-pdfmode.def 2020-03-12 L3 backend support: PDF mode
\l__kernel_color_stack_int=\count267
\l__pdf_internal_box=\box47
) (/Users/trent/Documents/Study/Courses/2022.1/STAT 545 Spatial Statistics/Final Project/Report/report.aux)
\openout1 = `report.aux'.

LaTeX Font Info:    Checking defaults for OML/cmm/m/it on input line 16.
LaTeX Font Info:    ... okay on input line 16.
LaTeX Font Info:    Checking defaults for OMS/cmsy/m/n on input line 16.
LaTeX Font Info:    ... okay on input line 16.
LaTeX Font Info:    Checking defaults for OT1/cmr/m/n on input line 16.
LaTeX Font Info:    ... okay on input line 16.
LaTeX Font Info:    Checking defaults for T1/cmr/m/n on input line 16.
LaTeX Font Info:    ... okay on input line 16.
LaTeX Font Info:    Checking defaults for TS1/cmr/m/n on input line 16.
LaTeX Font Info:    ... okay on input line 16.
LaTeX Font Info:    Checking defaults for OMX/cmex/m/n on input line 16.
LaTeX Font Info:    ... okay on input line 16.
LaTeX Font Info:    Checking defaults for U/cmr/m/n on input line 16.
LaTeX Font Info:    ... okay on input line 16.
LaTeX Font Info:    Checking defaults for PD1/pdf/m/n on input line 16.
LaTeX Font Info:    ... okay on input line 16.
\AtBeginShipoutBox=\box48
Package hyperref Info: Link coloring OFF on input line 16.
 (/usr/local/texlive/2020/texmf-dist/tex/latex/hyperref/nameref.sty
Package: nameref 2019/09/16 v2.46 Cross-referencing by name of section
 (/usr/local/texlive/2020/texmf-dist/tex/latex/refcount/refcount.sty
Package: refcount 2019/12/15 v3.6 Data extraction from label references (HO)
) (/usr/local/texlive/2020/texmf-dist/tex/generic/gettitlestring/gettitlestring.sty
Package: gettitlestring 2019/12/15 v1.6 Cleanup title references (HO)
)
\c@section@level=\count268
)
LaTeX Info: Redefining \ref on input line 16.
LaTeX Info: Redefining \pageref on input line 16.
LaTeX Info: Redefining \nameref on input line 16.
 (/Users/trent/Documents/Study/Courses/2022.1/STAT 545 Spatial Statistics/Final Project/Report/report.out) (/Users/trent/Documents/Study/Courses/2022.1/STAT 545 Spatial Statistics/Final Project/Report/report.out)
\@outlinefile=\write3
\openout3 = `report.out'.

 (/usr/local/texlive/2020/texmf-dist/tex/context/base/mkii/supp-pdf.mkii
[Loading MPS to PDF converter (version 2006.09.02).]
\scratchcounter=\count269
\scratchdimen=\dimen157
\scratchbox=\box49
\nofMPsegments=\count270
\nofMParguments=\count271
\everyMPshowfont=\toks21
\MPscratchCnt=\count272
\MPscratchDim=\dimen158
\MPnumerator=\count273
\makeMPintoPDFobject=\count274
\everyMPtoPDFconversion=\toks22
) (/usr/local/texlive/2020/texmf-dist/tex/latex/epstopdf-pkg/epstopdf-base.sty
Package: epstopdf-base 2020-01-24 v2.11 Base part for package epstopdf
Package epstopdf-base Info: Redefining graphics rule for `.eps' on input line 485.
 (/usr/local/texlive/2020/texmf-dist/tex/latex/latexconfig/epstopdf-sys.cfg
File: epstopdf-sys.cfg 2010/07/13 v1.3 Configuration of (r)epstopdf for TeX Live
))
Package caption Info: Begin \AtBeginDocument code.
Package caption Info: End \AtBeginDocument code.
 [1

{/usr/local/texlive/2020/texmf-var/fonts/map/pdftex/updmap/pdftex.map}]pdfTeX warning (ext4): destination with the same identifier (name{page.1}) has been already used, duplicate ignored
<to be read again> 
                   \relax 
l.70 
      [1] [2]
<fig/Suspicious Error Data in Texas.png, id=108, 1075.01625pt x 645.41125pt>
File: fig/Suspicious Error Data in Texas.png Graphic file (type png)
<use fig/Suspicious Error Data in Texas.png>
Package pdftex.def Info: fig/Suspicious Error Data in Texas.png  used on input line 126.
(pdftex.def)             Requested size: 165.59853pt x 99.41727pt.
<fig/New Cases from 2022-04-22 to 2022-05-05.png, id=110, 690.58pt x 414.54875pt>
File: fig/New Cases from 2022-04-22 to 2022-05-05.png Graphic file (type png)
<use fig/New Cases from 2022-04-22 to 2022-05-05.png>
Package pdftex.def Info: fig/New Cases from 2022-04-22 to 2022-05-05.png  used on input line 130.
(pdftex.def)             Requested size: 165.59853pt x 99.40517pt.
 [3 </Users/trent/Documents/Study/Courses/2022.1/STAT 545 Spatial Statistics/Final Project/Report/fig/Suspicious Error Data in Texas.png> </Users/trent/Documents/Study/Courses/2022.1/STAT 545 Spatial Statistics/Final Project/Report/fig/New Cases from 2022-04-22 to 2022-05-05.png>]
<fig/Vaccination Plot.png, id=124, 1024.82875pt x 538.01pt>
File: fig/Vaccination Plot.png Graphic file (type png)
<use fig/Vaccination Plot.png>
Package pdftex.def Info: fig/Vaccination Plot.png  used on input line 154.
(pdftex.def)             Requested size: 241.49895pt x 126.77716pt.
<fig/Data Points.pdf, id=125, 506.40894pt x 632.15402pt>
File: fig/Data Points.pdf Graphic file (type pdf)
<use fig/Data Points.pdf>
Package pdftex.def Info: fig/Data Points.pdf  used on input line 159.
(pdftex.def)             Requested size: 103.50105pt x 129.19693pt.
<fig/Relationship Between Population and Cases.pdf, id=126, 578.16pt x 433.62pt>
File: fig/Relationship Between Population and Cases.pdf Graphic file (type pdf)
<use fig/Relationship Between Population and Cases.pdf>
Package pdftex.def Info: fig/Relationship Between Population and Cases.pdf  used on input line 182.
(pdftex.def)             Requested size: 165.59853pt x 124.19832pt.
<fig/Relationship Between Population and Cases (Log).pdf, id=127, 578.16pt x 433.62pt>
File: fig/Relationship Between Population and Cases (Log).pdf Graphic file (type pdf)
<use fig/Relationship Between Population and Cases (Log).pdf>
Package pdftex.def Info: fig/Relationship Between Population and Cases (Log).pdf  used on input line 186.
(pdftex.def)             Requested size: 165.59853pt x 124.19832pt.
 [4 </Users/trent/Documents/Study/Courses/2022.1/STAT 545 Spatial Statistics/Final Project/Report/fig/Vaccination Plot.png> </Users/trent/Documents/Study/Courses/2022.1/STAT 545 Spatial Statistics/Final Project/Report/fig/Data Points.pdf>] [5 </Users/trent/Documents/Study/Courses/2022.1/STAT 545 Spatial Statistics/Final Project/Report/fig/Relationship Between Population and Cases.pdf> </Users/trent/Documents/Study/Courses/2022.1/STAT 545 Spatial Statistics/Final Project/Report/fig/Relationship Between Population and Cases (Log).pdf

pdfTeX warning: pdflatex (file /Users/trent/Documents/Study/Courses/2022.1/STAT 545 Spatial Statistics/Final Project/Report/fig/Relationship Between Population and Cases (Log).pdf): PDF inclusion: multiple pdfs with page group included in a single page
>] [6]
<fig/Regression vs Regression Kriging.pdf, id=257, 578.16pt x 433.62pt>
File: fig/Regression vs Regression Kriging.pdf Graphic file (type pdf)
<use fig/Regression vs Regression Kriging.pdf>
Package pdftex.def Info: fig/Regression vs Regression Kriging.pdf  used on input line 271.
(pdftex.def)             Requested size: 172.5pt x 129.37242pt.
<fig/Regression Kriging.pdf, id=258, 578.16pt x 433.62pt>
File: fig/Regression Kriging.pdf Graphic file (type pdf)
<use fig/Regression Kriging.pdf>
Package pdftex.def Info: fig/Regression Kriging.pdf  used on input line 276.
(pdftex.def)             Requested size: 172.5pt x 129.37242pt.
<fig/Grid.pdf, id=261, 578.16pt x 433.62pt>
File: fig/Grid.pdf Graphic file (type pdf)
<use fig/Grid.pdf>
Package pdftex.def Info: fig/Grid.pdf  used on input line 291.
(pdftex.def)             Requested size: 213.89832pt x 160.42365pt.
<fig/Prediction.pdf, id=262, 515.30739pt x 626.98167pt>
File: fig/Prediction.pdf Graphic file (type pdf)
<use fig/Prediction.pdf>
Package pdftex.def Info: fig/Prediction.pdf  used on input line 296.
(pdftex.def)             Requested size: 131.10168pt x 159.50987pt.
 [7 </Users/trent/Documents/Study/Courses/2022.1/STAT 545 Spatial Statistics/Final Project/Report/fig/Regression vs Regression Kriging.pdf> </Users/trent/Documents/Study/Courses/2022.1/STAT 545 Spatial Statistics/Final Project/Report/fig/Regression Kriging.pdf

pdfTeX warning: pdflatex (file /Users/trent/Documents/Study/Courses/2022.1/STAT 545 Spatial Statistics/Final Project/Report/fig/Regression Kriging.pdf): PDF inclusion: multiple pdfs with page group included in a single page
>]
Overfull \hbox (2.11171pt too wide) in paragraph at lines 314--315
[]\OT1/cmr/m/n/10 We should try more de-ter-min-is-tic mod-els with the re-gres-sion krig-ing model,
 []

(/Users/trent/Documents/Study/Courses/2022.1/STAT 545 Spatial Statistics/Final Project/Report/report.bbl [8 </Users/trent/Documents/Study/Courses/2022.1/STAT 545 Spatial Statistics/Final Project/Report/fig/Grid.pdf> </Users/trent/Documents/Study/Courses/2022.1/STAT 545 Spatial Statistics/Final Project/Report/fig/Prediction.pdf

pdfTeX warning: pdflatex (file /Users/trent/Documents/Study/Courses/2022.1/STAT 545 Spatial Statistics/Final Project/Report/fig/Prediction.pdf): PDF inclusion: multiple pdfs with page group included in a single page
>]
Underfull \hbox (badness 1052) in paragraph at lines 14--17
[]\OT1/cmr/m/n/10 K Jor-dahl.  Geopan-das: Python tools for ge-o-graphic data.  \OT1/cmr/m/it/10 URL:
 []

)
Package atveryend Info: Empty hook `BeforeClearDocument' on input line 327.
 [9]
Package atveryend Info: Empty hook `AfterLastShipout' on input line 327.
 (/Users/trent/Documents/Study/Courses/2022.1/STAT 545 Spatial Statistics/Final Project/Report/report.aux)
Package atveryend Info: Executing hook `AtVeryEndDocument' on input line 327.
Package atveryend Info: Executing hook `AtEndAfterFileList' on input line 327.
Package rerunfilecheck Info: File `report.out' has not changed.
(rerunfilecheck)             Checksum: 6CCCA366230FE8F9D111E6F099881043;1043.
Package atveryend Info: Empty hook `AtVeryVeryEnd' on input line 327.
 ) 
Here is how much of TeX's memory you used:
 8693 strings out of 480608
 150630 string characters out of 5903630
 404808 words of memory out of 5000000
 24415 multiletter control sequences out of 15000+600000
 539009 words of font info for 47 fonts, out of 8000000 for 9000
 1141 hyphenation exceptions out of 8191
 48i,8n,46p,965b,471s stack positions out of 5000i,500n,10000p,200000b,80000s
{/usr/local/texlive/2020/texmf-dist/fonts/enc/dvips/cm-super/cm-super-ts1.enc}</usr/local/texlive/2020/texmf-dist/fonts/type1/public/amsfonts/cm/cmbx10.pfb></usr/local/texlive/2020/texmf-dist/fonts/type1/public/amsfonts/cm/cmbx12.pfb></usr/local/texlive/2020/texmf-dist/fonts/type1/public/amsfonts/cm/cmbx9.pfb></usr/local/texlive/2020/texmf-dist/fonts/type1/public/amsfonts/cm/cmex10.pfb></usr/local/texlive/2020/texmf-dist/fonts/type1/public/amsfonts/cm/cmmi10.pfb></usr/local/texlive/2020/texmf-dist/fonts/type1/public/amsfonts/cm/cmmi7.pfb></usr/local/texlive/2020/texmf-dist/fonts/type1/public/amsfonts/cm/cmr10.pfb></usr/local/texlive/2020/texmf-dist/fonts/type1/public/amsfonts/cm/cmr12.pfb></usr/local/texlive/2020/texmf-dist/fonts/type1/public/amsfonts/cm/cmr17.pfb></usr/local/texlive/2020/texmf-dist/fonts/type1/public/amsfonts/cm/cmr6.pfb></usr/local/texlive/2020/texmf-dist/fonts/type1/public/amsfonts/cm/cmr7.pfb></usr/local/texlive/2020/texmf-dist/fonts/type1/public/amsfonts/cm/cmr8.pfb></usr/local/texlive/2020/texmf-dist/fonts/type1/public/amsfonts/cm/cmr9.pfb></usr/local/texlive/2020/texmf-dist/fonts/type1/public/amsfonts/cm/cmsy10.pfb></usr/local/texlive/2020/texmf-dist/fonts/type1/public/amsfonts/cm/cmsy7.pfb></usr/local/texlive/2020/texmf-dist/fonts/type1/public/amsfonts/cm/cmti10.pfb></usr/local/texlive/2020/texmf-dist/fonts/type1/public/cm-super/sfrm1000.pfb>
Output written on "/Users/trent/Documents/Study/Courses/2022.1/STAT 545 Spatial Statistics/Final Project/Report/report.pdf" (10 pages, 1846705 bytes).
PDF statistics:
 466 PDF objects out of 1000 (max. 8388607)
 264 compressed objects within 3 object streams
 52 named destinations out of 1000 (max. 500000)
 187 words of extra memory for PDF output out of 10000 (max. 10000000)

